<?xml version="1.0" encoding="UTF-8"?>
<testsuite name="SearchTests" tests="1" skipped="0" failures="0" errors="0" timestamp="2025-10-05T17:52:39.930Z" hostname="LAPTOP-O6B36LH7" time="6.337">
  <properties/>
  <testcase name="directYahooSearch()" classname="SearchTests" time="6.337"/>
  <system-out><![CDATA[]]>&#x1f680;<![CDATA[ Запуск поиска через Yahoo...
✅ Страница загружена
✅ Найдено 'selenide' на странице
✅ Найден элемент Yahoo: #web
✅ Страница содержит достаточное количество текста: 4360 символов
✅ Поиск Yahoo успешен!
]]></system-out>
  <system-err><![CDATA[SLF4J: No SLF4J providers were found.
SLF4J: Defaulting to no-operation (NOP) logger implementation
SLF4J: See https://www.slf4j.org/codes.html#noProviders for further details.
окт. 05, 2025 8:52:42 PM org.openqa.selenium.devtools.CdpVersionFinder findNearestMatch
WARNING: Unable to find CDP implementation matching 140
окт. 05, 2025 8:52:42 PM org.openqa.selenium.chromium.ChromiumDriver lambda$new$5
WARNING: Unable to find version of CDP to use for 140.0.7339.208. You may need to include a dependency on a specific version of the CDP using something similar to `org.seleniumhq.selenium:selenium-devtools-v86:4.13.0` where the version ("v86") matches the version of the chromium-based browser you're using and the version number of the artifact is the same as Selenium's.
]]></system-err>
</testsuite>
